0 info it worked if it ends with ok
1 verbose cli [ '/home/prjs/cm_comandos_lineares/equalizer-poky/build/tmp/sysroots/x86_64-linux/usr/bin/node',
1 verbose cli   '/home/prjs/cm_comandos_lineares/equalizer-poky/build/tmp/sysroots/x86_64-linux/usr/bin/npm',
1 verbose cli   '--arch=arm',
1 verbose cli   '--production',
1 verbose cli   '--no-registry',
1 verbose cli   'install' ]
2 info using npm@3.10.10
3 info using node@v6.10.0
4 silly loadCurrentTree Starting
5 silly install loadCurrentTree
6 silly install readLocalPackageData
7 silly install normalizeTree
8 silly loadCurrentTree Finishing
9 silly loadIdealTree Starting
10 silly install loadIdealTree
11 silly cloneCurrentTree Starting
12 silly install cloneCurrentTreeToIdealTree
13 silly cloneCurrentTree Finishing
14 silly loadShrinkwrap Starting
15 silly install loadShrinkwrap
16 silly loadShrinkwrap Finishing
17 silly loadAllDepsIntoIdealTree Starting
18 silly install loadAllDepsIntoIdealTree
19 silly loadAllDepsIntoIdealTree Finishing
20 silly loadIdealTree Finishing
21 silly currentTree sqlite3@3.1.8
21 silly currentTree +-- nan@2.4.0
21 silly currentTree `-- node-pre-gyp@0.6.34
21 silly currentTree   +-- mkdirp@0.5.1
21 silly currentTree   | `-- minimist@0.0.8
21 silly currentTree   +-- nopt@4.0.1
21 silly currentTree   | +-- abbrev@1.1.0
21 silly currentTree   | `-- osenv@0.1.4
21 silly currentTree   |   +-- os-homedir@1.0.2
21 silly currentTree   |   `-- os-tmpdir@1.0.2
21 silly currentTree   +-- npmlog@4.0.2
21 silly currentTree   | +-- are-we-there-yet@1.1.2
21 silly currentTree   | | +-- delegates@1.0.0
21 silly currentTree   | | `-- readable-stream@2.2.6
21 silly currentTree   | |   +-- buffer-shims@1.0.0
21 silly currentTree   | |   +-- core-util-is@1.0.2
21 silly currentTree   | |   +-- inherits@2.0.3
21 silly currentTree   | |   +-- isarray@1.0.0
21 silly currentTree   | |   +-- process-nextick-args@1.0.7
21 silly currentTree   | |   +-- string_decoder@0.10.31
21 silly currentTree   | |   `-- util-deprecate@1.0.2
21 silly currentTree   | +-- console-control-strings@1.1.0
21 silly currentTree   | +-- gauge@2.7.3
21 silly currentTree   | | +-- aproba@1.1.1
21 silly currentTree   | | +-- console-control-strings@1.1.0
21 silly currentTree   | | +-- has-color@0.1.7
21 silly currentTree   | | +-- has-unicode@2.0.1
21 silly currentTree   | | +-- object-assign@4.1.1
21 silly currentTree   | | +-- signal-exit@3.0.2
21 silly currentTree   | | +-- string-width@1.0.2
21 silly currentTree   | | | +-- code-point-at@1.1.0
21 silly currentTree   | | | | `-- number-is-nan@1.0.1
21 silly currentTree   | | | +-- is-fullwidth-code-point@1.0.0
21 silly currentTree   | | | | `-- number-is-nan@1.0.1
21 silly currentTree   | | | `-- strip-ansi@3.0.1
21 silly currentTree   | | |   `-- ansi-regex@2.1.1
21 silly currentTree   | | +-- strip-ansi@3.0.1
21 silly currentTree   | | | `-- ansi-regex@2.1.1
21 silly currentTree   | | `-- wide-align@1.1.0
21 silly currentTree   | |   `-- string-width@1.0.2
21 silly currentTree   | |     +-- code-point-at@1.1.0
21 silly currentTree   | |     +-- is-fullwidth-code-point@1.0.0
21 silly currentTree   | |     | `-- number-is-nan@1.0.1
21 silly currentTree   | |     `-- strip-ansi@3.0.1
21 silly currentTree   | |       `-- ansi-regex@2.1.1
21 silly currentTree   | `-- set-blocking@2.0.0
21 silly currentTree   +-- rc@1.2.1
21 silly currentTree   | +-- deep-extend@0.4.1
21 silly currentTree   | +-- ini@1.3.4
21 silly currentTree   | +-- minimist@1.2.0
21 silly currentTree   | `-- strip-json-comments@2.0.1
21 silly currentTree   +-- request@2.81.0
21 silly currentTree   | +-- aws-sign2@0.6.0
21 silly currentTree   | +-- aws4@1.6.0
21 silly currentTree   | +-- caseless@0.12.0
21 silly currentTree   | +-- combined-stream@1.0.5
21 silly currentTree   | | `-- delayed-stream@1.0.0
21 silly currentTree   | +-- extend@3.0.0
21 silly currentTree   | +-- forever-agent@0.6.1
21 silly currentTree   | +-- form-data@2.1.2
21 silly currentTree   | | +-- asynckit@0.4.0
21 silly currentTree   | | +-- combined-stream@1.0.5
21 silly currentTree   | | | `-- delayed-stream@1.0.0
21 silly currentTree   | | `-- mime-types@2.1.15
21 silly currentTree   | |   `-- mime-db@1.27.0
21 silly currentTree   | +-- har-validator@4.2.1
21 silly currentTree   | | +-- ajv@4.11.5
21 silly currentTree   | | | +-- co@4.6.0
21 silly currentTree   | | | `-- json-stable-stringify@1.0.1
21 silly currentTree   | | |   `-- jsonify@0.0.0
21 silly currentTree   | | +-- chalk@1.1.3
21 silly currentTree   | | | +-- ansi-styles@2.2.1
21 silly currentTree   | | | +-- escape-string-regexp@1.0.5
21 silly currentTree   | | | +-- has-ansi@2.0.0
21 silly currentTree   | | | | `-- ansi-regex@2.0.0
21 silly currentTree   | | | +-- strip-ansi@3.0.1
21 silly currentTree   | | | | `-- ansi-regex@2.0.0
21 silly currentTree   | | | `-- supports-color@2.0.0
21 silly currentTree   | | +-- commander@2.9.0
21 silly currentTree   | | | `-- graceful-readlink@1.0.1
21 silly currentTree   | | +-- har-schema@1.0.5
21 silly currentTree   | | +-- is-my-json-valid@2.15.0
21 silly currentTree   | | | +-- generate-function@2.0.0
21 silly currentTree   | | | +-- generate-object-property@1.2.0
21 silly currentTree   | | | | `-- is-property@1.0.2
21 silly currentTree   | | | +-- jsonpointer@4.0.0
21 silly currentTree   | | | `-- xtend@4.0.1
21 silly currentTree   | | `-- pinkie-promise@2.0.1
21 silly currentTree   | |   `-- pinkie@2.0.4
21 silly currentTree   | +-- hawk@3.1.3
21 silly currentTree   | | +-- boom@2.10.1
21 silly currentTree   | | | `-- hoek@2.16.3
21 silly currentTree   | | +-- cryptiles@2.0.5
21 silly currentTree   | | | `-- boom@2.10.1
21 silly currentTree   | | |   `-- hoek@2.16.3
21 silly currentTree   | | +-- hoek@2.16.3
21 silly currentTree   | | `-- sntp@1.0.9
21 silly currentTree   | |   `-- hoek@2.16.3
21 silly currentTree   | +-- http-signature@1.1.1
21 silly currentTree   | | +-- assert-plus@0.2.0
21 silly currentTree   | | +-- jsprim@1.4.0
21 silly currentTree   | | | +-- assert-plus@1.0.0
21 silly currentTree   | | | +-- extsprintf@1.0.2
21 silly currentTree   | | | +-- json-schema@0.2.3
21 silly currentTree   | | | `-- verror@1.3.6
21 silly currentTree   | | |   `-- extsprintf@1.0.2
21 silly currentTree   | | `-- sshpk@1.11.0
21 silly currentTree   | |   +-- asn1@0.2.3
21 silly currentTree   | |   +-- assert-plus@1.0.0
21 silly currentTree   | |   +-- bcrypt-pbkdf@1.0.1
21 silly currentTree   | |   | `-- tweetnacl@0.14.5
21 silly currentTree   | |   +-- dashdash@1.14.1
21 silly currentTree   | |   | `-- assert-plus@1.0.0
21 silly currentTree   | |   +-- ecc-jsbn@0.1.1
21 silly currentTree   | |   | `-- jsbn@0.1.1
21 silly currentTree   | |   +-- getpass@0.1.6
21 silly currentTree   | |   | `-- assert-plus@1.0.0
21 silly currentTree   | |   +-- jodid25519@1.0.2
21 silly currentTree   | |   | `-- jsbn@0.1.1
21 silly currentTree   | |   +-- jsbn@0.1.1
21 silly currentTree   | |   `-- tweetnacl@0.14.5
21 silly currentTree   | +-- is-typedarray@1.0.0
21 silly currentTree   | +-- isstream@0.1.2
21 silly currentTree   | +-- json-stringify-safe@5.0.1
21 silly currentTree   | +-- mime-types@2.1.15
21 silly currentTree   | | `-- mime-db@1.27.0
21 silly currentTree   | +-- node-uuid@1.4.7
21 silly currentTree   | +-- oauth-sign@0.8.2
21 silly currentTree   | +-- performance-now@0.2.0
21 silly currentTree   | +-- qs@6.4.0
21 silly currentTree   | +-- safe-buffer@5.0.1
21 silly currentTree   | +-- stringstream@0.0.5
21 silly currentTree   | +-- tough-cookie@2.3.2
21 silly currentTree   | | `-- punycode@1.4.1
21 silly currentTree   | +-- tunnel-agent@0.6.0
21 silly currentTree   | | `-- safe-buffer@5.0.1
21 silly currentTree   | `-- uuid@3.0.1
21 silly currentTree   +-- rimraf@2.6.1
21 silly currentTree   | `-- glob@7.1.1
21 silly currentTree   |   +-- fs.realpath@1.0.0
21 silly currentTree   |   +-- inflight@1.0.6
21 silly currentTree   |   | +-- once@1.4.0
21 silly currentTree   |   | | `-- wrappy@1.0.2
21 silly currentTree   |   | `-- wrappy@1.0.2
21 silly currentTree   |   +-- inherits@2.0.3
21 silly currentTree   |   +-- minimatch@3.0.3
21 silly currentTree   |   | `-- brace-expansion@1.1.6
21 silly currentTree   |   |   +-- balanced-match@0.4.2
21 silly currentTree   |   |   `-- concat-map@0.0.1
21 silly currentTree   |   +-- once@1.4.0
21 silly currentTree   |   | `-- wrappy@1.0.2
21 silly currentTree   |   `-- path-is-absolute@1.0.1
21 silly currentTree   +-- semver@5.3.0
21 silly currentTree   +-- tar-pack@3.4.0
21 silly currentTree   | +-- debug@2.6.3
21 silly currentTree   | | `-- ms@0.7.2
21 silly currentTree   | +-- fstream-ignore@1.0.5
21 silly currentTree   | | +-- fstream@1.0.11
21 silly currentTree   | | | +-- graceful-fs@4.1.11
21 silly currentTree   | | | +-- inherits@2.0.3
21 silly currentTree   | | | +-- mkdirp@0.5.1
21 silly currentTree   | | | | `-- minimist@0.0.8
21 silly currentTree   | | | `-- rimraf@2.6.1
21 silly currentTree   | | |   `-- glob@7.1.1
21 silly currentTree   | | |     +-- fs.realpath@1.0.0
21 silly currentTree   | | |     +-- inflight@1.0.6
21 silly currentTree   | | |     | +-- once@1.4.0
21 silly currentTree   | | |     | | `-- wrappy@1.0.2
21 silly currentTree   | | |     | `-- wrappy@1.0.2
21 silly currentTree   | | |     +-- inherits@2.0.3
21 silly currentTree   | | |     +-- minimatch@3.0.3
21 silly currentTree   | | |     | `-- brace-expansion@1.1.6
21 silly currentTree   | | |     |   +-- balanced-match@0.4.2
21 silly currentTree   | | |     |   `-- concat-map@0.0.1
21 silly currentTree   | | |     +-- once@1.4.0
21 silly currentTree   | | |     | `-- wrappy@1.0.2
21 silly currentTree   | | |     `-- path-is-absolute@1.0.1
21 silly currentTree   | | +-- inherits@2.0.3
21 silly currentTree   | | `-- minimatch@3.0.3
21 silly currentTree   | |   `-- brace-expansion@1.1.6
21 silly currentTree   | |     +-- balanced-match@0.4.2
21 silly currentTree   | |     `-- concat-map@0.0.1
21 silly currentTree   | +-- fstream@1.0.11
21 silly currentTree   | | +-- graceful-fs@4.1.11
21 silly currentTree   | | +-- inherits@2.0.3
21 silly currentTree   | | +-- mkdirp@0.5.1
21 silly currentTree   | | | `-- minimist@0.0.8
21 silly currentTree   | | `-- rimraf@2.6.1
21 silly currentTree   | |   `-- glob@7.1.1
21 silly currentTree   | |     +-- fs.realpath@1.0.0
21 silly currentTree   | |     +-- inflight@1.0.6
21 silly currentTree   | |     | +-- once@1.4.0
21 silly currentTree   | |     | | `-- wrappy@1.0.2
21 silly currentTree   | |     | `-- wrappy@1.0.2
21 silly currentTree   | |     +-- inherits@2.0.3
21 silly currentTree   | |     +-- minimatch@3.0.3
21 silly currentTree   | |     | `-- brace-expansion@1.1.6
21 silly currentTree   | |     |   +-- balanced-match@0.4.2
21 silly currentTree   | |     |   `-- concat-map@0.0.1
21 silly currentTree   | |     +-- once@1.4.0
21 silly currentTree   | |     | `-- wrappy@1.0.2
21 silly currentTree   | |     `-- path-is-absolute@1.0.1
21 silly currentTree   | +-- once@1.4.0
21 silly currentTree   | | `-- wrappy@1.0.2
21 silly currentTree   | +-- readable-stream@2.2.6
21 silly currentTree   | | +-- buffer-shims@1.0.0
21 silly currentTree   | | +-- core-util-is@1.0.2
21 silly currentTree   | | +-- inherits@2.0.3
21 silly currentTree   | | +-- isarray@1.0.0
21 silly currentTree   | | +-- process-nextick-args@1.0.7
21 silly currentTree   | | +-- string_decoder@0.10.31
21 silly currentTree   | | `-- util-deprecate@1.0.2
21 silly currentTree   | +-- rimraf@2.6.1
21 silly currentTree   | | `-- glob@7.1.1
21 silly currentTree   | |   +-- fs.realpath@1.0.0
21 silly currentTree   | |   +-- inflight@1.0.6
21 silly currentTree   | |   | +-- once@1.4.0
21 silly currentTree   | |   | | `-- wrappy@1.0.2
21 silly currentTree   | |   | `-- wrappy@1.0.2
21 silly currentTree   | |   +-- inherits@2.0.3
21 silly currentTree   | |   +-- minimatch@3.0.3
21 silly currentTree   | |   | `-- brace-expansion@1.1.6
21 silly currentTree   | |   |   +-- balanced-match@0.4.2
21 silly currentTree   | |   |   `-- concat-map@0.0.1
21 silly currentTree   | |   +-- once@1.4.0
21 silly currentTree   | |   | `-- wrappy@1.0.2
21 silly currentTree   | |   `-- path-is-absolute@1.0.1
21 silly currentTree   | +-- tar@2.2.1
21 silly currentTree   | | +-- block-stream@0.0.9
21 silly currentTree   | | | `-- inherits@2.0.3
21 silly currentTree   | | +-- fstream@1.0.11
21 silly currentTree   | | | +-- graceful-fs@4.1.11
21 silly currentTree   | | | +-- inherits@2.0.3
21 silly currentTree   | | | +-- mkdirp@0.5.1
21 silly currentTree   | | | | `-- minimist@0.0.8
21 silly currentTree   | | | `-- rimraf@2.6.1
21 silly currentTree   | | |   `-- glob@7.1.1
21 silly currentTree   | | |     +-- fs.realpath@1.0.0
21 silly currentTree   | | |     +-- inflight@1.0.6
21 silly currentTree   | | |     | +-- once@1.4.0
21 silly currentTree   | | |     | | `-- wrappy@1.0.2
21 silly currentTree   | | |     | `-- wrappy@1.0.2
21 silly currentTree   | | |     +-- inherits@2.0.3
21 silly currentTree   | | |     +-- minimatch@3.0.3
21 silly currentTree   | | |     | `-- brace-expansion@1.1.6
21 silly currentTree   | | |     |   +-- balanced-match@0.4.2
21 silly currentTree   | | |     |   `-- concat-map@0.0.1
21 silly currentTree   | | |     +-- once@1.4.0
21 silly currentTree   | | |     | `-- wrappy@1.0.2
21 silly currentTree   | | |     `-- path-is-absolute@1.0.1
21 silly currentTree   | | `-- inherits@2.0.3
21 silly currentTree   | `-- uid-number@0.0.6
21 silly currentTree   `-- tar@2.2.1
21 silly currentTree     +-- block-stream@0.0.9
21 silly currentTree     | `-- inherits@2.0.3
21 silly currentTree     +-- fstream@1.0.11
21 silly currentTree     | +-- graceful-fs@4.1.11
21 silly currentTree     | +-- inherits@2.0.3
21 silly currentTree     | +-- mkdirp@0.5.1
21 silly currentTree     | | `-- minimist@0.0.8
21 silly currentTree     | `-- rimraf@2.6.1
21 silly currentTree     |   `-- glob@7.1.1
21 silly currentTree     |     +-- fs.realpath@1.0.0
21 silly currentTree     |     +-- inflight@1.0.6
21 silly currentTree     |     | +-- once@1.4.0
21 silly currentTree     |     | | `-- wrappy@1.0.2
21 silly currentTree     |     | `-- wrappy@1.0.2
21 silly currentTree     |     +-- inherits@2.0.3
21 silly currentTree     |     +-- minimatch@3.0.3
21 silly currentTree     |     | `-- brace-expansion@1.1.6
21 silly currentTree     |     |   +-- balanced-match@0.4.2
21 silly currentTree     |     |   `-- concat-map@0.0.1
21 silly currentTree     |     +-- once@1.4.0
21 silly currentTree     |     | `-- wrappy@1.0.2
21 silly currentTree     |     `-- path-is-absolute@1.0.1
21 silly currentTree     `-- inherits@2.0.3
22 silly idealTree sqlite3@3.1.8
22 silly idealTree +-- nan@2.4.0
22 silly idealTree `-- node-pre-gyp@0.6.34
22 silly idealTree   +-- mkdirp@0.5.1
22 silly idealTree   | `-- minimist@0.0.8
22 silly idealTree   +-- nopt@4.0.1
22 silly idealTree   | +-- abbrev@1.1.0
22 silly idealTree   | `-- osenv@0.1.4
22 silly idealTree   |   +-- os-homedir@1.0.2
22 silly idealTree   |   `-- os-tmpdir@1.0.2
22 silly idealTree   +-- npmlog@4.0.2
22 silly idealTree   | +-- are-we-there-yet@1.1.2
22 silly idealTree   | | +-- delegates@1.0.0
22 silly idealTree   | | `-- readable-stream@2.2.6
22 silly idealTree   | |   +-- buffer-shims@1.0.0
22 silly idealTree   | |   +-- core-util-is@1.0.2
22 silly idealTree   | |   +-- inherits@2.0.3
22 silly idealTree   | |   +-- isarray@1.0.0
22 silly idealTree   | |   +-- process-nextick-args@1.0.7
22 silly idealTree   | |   +-- string_decoder@0.10.31
22 silly idealTree   | |   `-- util-deprecate@1.0.2
22 silly idealTree   | +-- console-control-strings@1.1.0
22 silly idealTree   | +-- gauge@2.7.3
22 silly idealTree   | | +-- aproba@1.1.1
22 silly idealTree   | | +-- console-control-strings@1.1.0
22 silly idealTree   | | +-- has-color@0.1.7
22 silly idealTree   | | +-- has-unicode@2.0.1
22 silly idealTree   | | +-- object-assign@4.1.1
22 silly idealTree   | | +-- signal-exit@3.0.2
22 silly idealTree   | | +-- string-width@1.0.2
22 silly idealTree   | | | +-- code-point-at@1.1.0
22 silly idealTree   | | | | `-- number-is-nan@1.0.1
22 silly idealTree   | | | +-- is-fullwidth-code-point@1.0.0
22 silly idealTree   | | | | `-- number-is-nan@1.0.1
22 silly idealTree   | | | `-- strip-ansi@3.0.1
22 silly idealTree   | | |   `-- ansi-regex@2.1.1
22 silly idealTree   | | +-- strip-ansi@3.0.1
22 silly idealTree   | | | `-- ansi-regex@2.1.1
22 silly idealTree   | | `-- wide-align@1.1.0
22 silly idealTree   | |   `-- string-width@1.0.2
22 silly idealTree   | |     +-- code-point-at@1.1.0
22 silly idealTree   | |     +-- is-fullwidth-code-point@1.0.0
22 silly idealTree   | |     | `-- number-is-nan@1.0.1
22 silly idealTree   | |     `-- strip-ansi@3.0.1
22 silly idealTree   | |       `-- ansi-regex@2.1.1
22 silly idealTree   | `-- set-blocking@2.0.0
22 silly idealTree   +-- rc@1.2.1
22 silly idealTree   | +-- deep-extend@0.4.1
22 silly idealTree   | +-- ini@1.3.4
22 silly idealTree   | +-- minimist@1.2.0
22 silly idealTree   | `-- strip-json-comments@2.0.1
22 silly idealTree   +-- request@2.81.0
22 silly idealTree   | +-- aws-sign2@0.6.0
22 silly idealTree   | +-- aws4@1.6.0
22 silly idealTree   | +-- caseless@0.12.0
22 silly idealTree   | +-- combined-stream@1.0.5
22 silly idealTree   | | `-- delayed-stream@1.0.0
22 silly idealTree   | +-- extend@3.0.0
22 silly idealTree   | +-- forever-agent@0.6.1
22 silly idealTree   | +-- form-data@2.1.2
22 silly idealTree   | | +-- asynckit@0.4.0
22 silly idealTree   | | +-- combined-stream@1.0.5
22 silly idealTree   | | | `-- delayed-stream@1.0.0
22 silly idealTree   | | `-- mime-types@2.1.15
22 silly idealTree   | |   `-- mime-db@1.27.0
22 silly idealTree   | +-- har-validator@4.2.1
22 silly idealTree   | | +-- ajv@4.11.5
22 silly idealTree   | | | +-- co@4.6.0
22 silly idealTree   | | | `-- json-stable-stringify@1.0.1
22 silly idealTree   | | |   `-- jsonify@0.0.0
22 silly idealTree   | | +-- chalk@1.1.3
22 silly idealTree   | | | +-- ansi-styles@2.2.1
22 silly idealTree   | | | +-- escape-string-regexp@1.0.5
22 silly idealTree   | | | +-- has-ansi@2.0.0
22 silly idealTree   | | | | `-- ansi-regex@2.0.0
22 silly idealTree   | | | +-- strip-ansi@3.0.1
22 silly idealTree   | | | | `-- ansi-regex@2.0.0
22 silly idealTree   | | | `-- supports-color@2.0.0
22 silly idealTree   | | +-- commander@2.9.0
22 silly idealTree   | | | `-- graceful-readlink@1.0.1
22 silly idealTree   | | +-- har-schema@1.0.5
22 silly idealTree   | | +-- is-my-json-valid@2.15.0
22 silly idealTree   | | | +-- generate-function@2.0.0
22 silly idealTree   | | | +-- generate-object-property@1.2.0
22 silly idealTree   | | | | `-- is-property@1.0.2
22 silly idealTree   | | | +-- jsonpointer@4.0.0
22 silly idealTree   | | | `-- xtend@4.0.1
22 silly idealTree   | | `-- pinkie-promise@2.0.1
22 silly idealTree   | |   `-- pinkie@2.0.4
22 silly idealTree   | +-- hawk@3.1.3
22 silly idealTree   | | +-- boom@2.10.1
22 silly idealTree   | | | `-- hoek@2.16.3
22 silly idealTree   | | +-- cryptiles@2.0.5
22 silly idealTree   | | | `-- boom@2.10.1
22 silly idealTree   | | |   `-- hoek@2.16.3
22 silly idealTree   | | +-- hoek@2.16.3
22 silly idealTree   | | `-- sntp@1.0.9
22 silly idealTree   | |   `-- hoek@2.16.3
22 silly idealTree   | +-- http-signature@1.1.1
22 silly idealTree   | | +-- assert-plus@0.2.0
22 silly idealTree   | | +-- jsprim@1.4.0
22 silly idealTree   | | | +-- assert-plus@1.0.0
22 silly idealTree   | | | +-- extsprintf@1.0.2
22 silly idealTree   | | | +-- json-schema@0.2.3
22 silly idealTree   | | | `-- verror@1.3.6
22 silly idealTree   | | |   `-- extsprintf@1.0.2
22 silly idealTree   | | `-- sshpk@1.11.0
22 silly idealTree   | |   +-- asn1@0.2.3
22 silly idealTree   | |   +-- assert-plus@1.0.0
22 silly idealTree   | |   +-- bcrypt-pbkdf@1.0.1
22 silly idealTree   | |   | `-- tweetnacl@0.14.5
22 silly idealTree   | |   +-- dashdash@1.14.1
22 silly idealTree   | |   | `-- assert-plus@1.0.0
22 silly idealTree   | |   +-- ecc-jsbn@0.1.1
22 silly idealTree   | |   | `-- jsbn@0.1.1
22 silly idealTree   | |   +-- getpass@0.1.6
22 silly idealTree   | |   | `-- assert-plus@1.0.0
22 silly idealTree   | |   +-- jodid25519@1.0.2
22 silly idealTree   | |   | `-- jsbn@0.1.1
22 silly idealTree   | |   +-- jsbn@0.1.1
22 silly idealTree   | |   `-- tweetnacl@0.14.5
22 silly idealTree   | +-- is-typedarray@1.0.0
22 silly idealTree   | +-- isstream@0.1.2
22 silly idealTree   | +-- json-stringify-safe@5.0.1
22 silly idealTree   | +-- mime-types@2.1.15
22 silly idealTree   | | `-- mime-db@1.27.0
22 silly idealTree   | +-- node-uuid@1.4.7
22 silly idealTree   | +-- oauth-sign@0.8.2
22 silly idealTree   | +-- performance-now@0.2.0
22 silly idealTree   | +-- qs@6.4.0
22 silly idealTree   | +-- safe-buffer@5.0.1
22 silly idealTree   | +-- stringstream@0.0.5
22 silly idealTree   | +-- tough-cookie@2.3.2
22 silly idealTree   | | `-- punycode@1.4.1
22 silly idealTree   | +-- tunnel-agent@0.6.0
22 silly idealTree   | | `-- safe-buffer@5.0.1
22 silly idealTree   | `-- uuid@3.0.1
22 silly idealTree   +-- rimraf@2.6.1
22 silly idealTree   | `-- glob@7.1.1
22 silly idealTree   |   +-- fs.realpath@1.0.0
22 silly idealTree   |   +-- inflight@1.0.6
22 silly idealTree   |   | +-- once@1.4.0
22 silly idealTree   |   | | `-- wrappy@1.0.2
22 silly idealTree   |   | `-- wrappy@1.0.2
22 silly idealTree   |   +-- inherits@2.0.3
22 silly idealTree   |   +-- minimatch@3.0.3
22 silly idealTree   |   | `-- brace-expansion@1.1.6
22 silly idealTree   |   |   +-- balanced-match@0.4.2
22 silly idealTree   |   |   `-- concat-map@0.0.1
22 silly idealTree   |   +-- once@1.4.0
22 silly idealTree   |   | `-- wrappy@1.0.2
22 silly idealTree   |   `-- path-is-absolute@1.0.1
22 silly idealTree   +-- semver@5.3.0
22 silly idealTree   +-- tar-pack@3.4.0
22 silly idealTree   | +-- debug@2.6.3
22 silly idealTree   | | `-- ms@0.7.2
22 silly idealTree   | +-- fstream-ignore@1.0.5
22 silly idealTree   | | +-- fstream@1.0.11
22 silly idealTree   | | | +-- graceful-fs@4.1.11
22 silly idealTree   | | | +-- inherits@2.0.3
22 silly idealTree   | | | +-- mkdirp@0.5.1
22 silly idealTree   | | | | `-- minimist@0.0.8
22 silly idealTree   | | | `-- rimraf@2.6.1
22 silly idealTree   | | |   `-- glob@7.1.1
22 silly idealTree   | | |     +-- fs.realpath@1.0.0
22 silly idealTree   | | |     +-- inflight@1.0.6
22 silly idealTree   | | |     | +-- once@1.4.0
22 silly idealTree   | | |     | | `-- wrappy@1.0.2
22 silly idealTree   | | |     | `-- wrappy@1.0.2
22 silly idealTree   | | |     +-- inherits@2.0.3
22 silly idealTree   | | |     +-- minimatch@3.0.3
22 silly idealTree   | | |     | `-- brace-expansion@1.1.6
22 silly idealTree   | | |     |   +-- balanced-match@0.4.2
22 silly idealTree   | | |     |   `-- concat-map@0.0.1
22 silly idealTree   | | |     +-- once@1.4.0
22 silly idealTree   | | |     | `-- wrappy@1.0.2
22 silly idealTree   | | |     `-- path-is-absolute@1.0.1
22 silly idealTree   | | +-- inherits@2.0.3
22 silly idealTree   | | `-- minimatch@3.0.3
22 silly idealTree   | |   `-- brace-expansion@1.1.6
22 silly idealTree   | |     +-- balanced-match@0.4.2
22 silly idealTree   | |     `-- concat-map@0.0.1
22 silly idealTree   | +-- fstream@1.0.11
22 silly idealTree   | | +-- graceful-fs@4.1.11
22 silly idealTree   | | +-- inherits@2.0.3
22 silly idealTree   | | +-- mkdirp@0.5.1
22 silly idealTree   | | | `-- minimist@0.0.8
22 silly idealTree   | | `-- rimraf@2.6.1
22 silly idealTree   | |   `-- glob@7.1.1
22 silly idealTree   | |     +-- fs.realpath@1.0.0
22 silly idealTree   | |     +-- inflight@1.0.6
22 silly idealTree   | |     | +-- once@1.4.0
22 silly idealTree   | |     | | `-- wrappy@1.0.2
22 silly idealTree   | |     | `-- wrappy@1.0.2
22 silly idealTree   | |     +-- inherits@2.0.3
22 silly idealTree   | |     +-- minimatch@3.0.3
22 silly idealTree   | |     | `-- brace-expansion@1.1.6
22 silly idealTree   | |     |   +-- balanced-match@0.4.2
22 silly idealTree   | |     |   `-- concat-map@0.0.1
22 silly idealTree   | |     +-- once@1.4.0
22 silly idealTree   | |     | `-- wrappy@1.0.2
22 silly idealTree   | |     `-- path-is-absolute@1.0.1
22 silly idealTree   | +-- once@1.4.0
22 silly idealTree   | | `-- wrappy@1.0.2
22 silly idealTree   | +-- readable-stream@2.2.6
22 silly idealTree   | | +-- buffer-shims@1.0.0
22 silly idealTree   | | +-- core-util-is@1.0.2
22 silly idealTree   | | +-- inherits@2.0.3
22 silly idealTree   | | +-- isarray@1.0.0
22 silly idealTree   | | +-- process-nextick-args@1.0.7
22 silly idealTree   | | +-- string_decoder@0.10.31
22 silly idealTree   | | `-- util-deprecate@1.0.2
22 silly idealTree   | +-- rimraf@2.6.1
22 silly idealTree   | | `-- glob@7.1.1
22 silly idealTree   | |   +-- fs.realpath@1.0.0
22 silly idealTree   | |   +-- inflight@1.0.6
22 silly idealTree   | |   | +-- once@1.4.0
22 silly idealTree   | |   | | `-- wrappy@1.0.2
22 silly idealTree   | |   | `-- wrappy@1.0.2
22 silly idealTree   | |   +-- inherits@2.0.3
22 silly idealTree   | |   +-- minimatch@3.0.3
22 silly idealTree   | |   | `-- brace-expansion@1.1.6
22 silly idealTree   | |   |   +-- balanced-match@0.4.2
22 silly idealTree   | |   |   `-- concat-map@0.0.1
22 silly idealTree   | |   +-- once@1.4.0
22 silly idealTree   | |   | `-- wrappy@1.0.2
22 silly idealTree   | |   `-- path-is-absolute@1.0.1
22 silly idealTree   | +-- tar@2.2.1
22 silly idealTree   | | +-- block-stream@0.0.9
22 silly idealTree   | | | `-- inherits@2.0.3
22 silly idealTree   | | +-- fstream@1.0.11
22 silly idealTree   | | | +-- graceful-fs@4.1.11
22 silly idealTree   | | | +-- inherits@2.0.3
22 silly idealTree   | | | +-- mkdirp@0.5.1
22 silly idealTree   | | | | `-- minimist@0.0.8
22 silly idealTree   | | | `-- rimraf@2.6.1
22 silly idealTree   | | |   `-- glob@7.1.1
22 silly idealTree   | | |     +-- fs.realpath@1.0.0
22 silly idealTree   | | |     +-- inflight@1.0.6
22 silly idealTree   | | |     | +-- once@1.4.0
22 silly idealTree   | | |     | | `-- wrappy@1.0.2
22 silly idealTree   | | |     | `-- wrappy@1.0.2
22 silly idealTree   | | |     +-- inherits@2.0.3
22 silly idealTree   | | |     +-- minimatch@3.0.3
22 silly idealTree   | | |     | `-- brace-expansion@1.1.6
22 silly idealTree   | | |     |   +-- balanced-match@0.4.2
22 silly idealTree   | | |     |   `-- concat-map@0.0.1
22 silly idealTree   | | |     +-- once@1.4.0
22 silly idealTree   | | |     | `-- wrappy@1.0.2
22 silly idealTree   | | |     `-- path-is-absolute@1.0.1
22 silly idealTree   | | `-- inherits@2.0.3
22 silly idealTree   | `-- uid-number@0.0.6
22 silly idealTree   `-- tar@2.2.1
22 silly idealTree     +-- block-stream@0.0.9
22 silly idealTree     | `-- inherits@2.0.3
22 silly idealTree     +-- fstream@1.0.11
22 silly idealTree     | +-- graceful-fs@4.1.11
22 silly idealTree     | +-- inherits@2.0.3
22 silly idealTree     | +-- mkdirp@0.5.1
22 silly idealTree     | | `-- minimist@0.0.8
22 silly idealTree     | `-- rimraf@2.6.1
22 silly idealTree     |   `-- glob@7.1.1
22 silly idealTree     |     +-- fs.realpath@1.0.0
22 silly idealTree     |     +-- inflight@1.0.6
22 silly idealTree     |     | +-- once@1.4.0
22 silly idealTree     |     | | `-- wrappy@1.0.2
22 silly idealTree     |     | `-- wrappy@1.0.2
22 silly idealTree     |     +-- inherits@2.0.3
22 silly idealTree     |     +-- minimatch@3.0.3
22 silly idealTree     |     | `-- brace-expansion@1.1.6
22 silly idealTree     |     |   +-- balanced-match@0.4.2
22 silly idealTree     |     |   `-- concat-map@0.0.1
22 silly idealTree     |     +-- once@1.4.0
22 silly idealTree     |     | `-- wrappy@1.0.2
22 silly idealTree     |     `-- path-is-absolute@1.0.1
22 silly idealTree     `-- inherits@2.0.3
23 silly generateActionsToTake Starting
24 silly install generateActionsToTake
25 silly generateActionsToTake Finishing
26 silly diffTrees action count 0
27 silly decomposeActions action count 0
28 silly runTopLevelLifecycles Starting
29 silly install runPreinstallTopLevelLifecycles
30 silly preinstall sqlite3@3.1.8 /home/prjs/cm_comandos_lineares/equalizer-poky/build/workspace/sources/sqlite3/sqlite3-b649de8e
31 info lifecycle sqlite3@3.1.8~preinstall: sqlite3@3.1.8
32 silly lifecycle sqlite3@3.1.8~preinstall: no script for preinstall, continuing
33 silly executeActions Starting
34 silly install executeActions
35 silly doSerial global-install 0
36 silly doParallel fetch 0
37 verbose correctMkdir /home/prjs/cm_comandos_lineares/equalizer-poky/build/tmp/work/cortexa7hf-neon-poky-linux-gnueabi/sqlite3-node/3.1.8-r0/npm_cache/_locks correctMkdir not in flight; initializing
38 verbose makeDirectory /home/prjs/cm_comandos_lineares/equalizer-poky/build/tmp/work/cortexa7hf-neon-poky-linux-gnueabi/sqlite3-node/3.1.8-r0/npm_cache/_locks creation not in flight; initializing
39 silly makeDirectory /home/prjs/cm_comandos_lineares/equalizer-poky/build/tmp/work/cortexa7hf-neon-poky-linux-gnueabi/sqlite3-node/3.1.8-r0/npm_cache/_locks uid: 1000 gid: 1000
40 verbose lock using /home/prjs/cm_comandos_lineares/equalizer-poky/build/tmp/work/cortexa7hf-neon-poky-linux-gnueabi/sqlite3-node/3.1.8-r0/npm_cache/_locks/staging-40da79d085723dc4.lock for /home/prjs/cm_comandos_lineares/equalizer-poky/build/workspace/sources/sqlite3/node_modules/.staging
41 silly doParallel extract 0
42 silly doParallel preinstall 0
43 silly doReverseSerial remove 0
44 silly doSerial move 0
45 silly doSerial finalize 0
46 silly doSerial build 0
47 silly doSerial global-link 0
48 silly doParallel update-linked 0
49 silly doSerial install 0
50 silly doSerial postinstall 0
51 verbose unlock done using /home/prjs/cm_comandos_lineares/equalizer-poky/build/tmp/work/cortexa7hf-neon-poky-linux-gnueabi/sqlite3-node/3.1.8-r0/npm_cache/_locks/staging-40da79d085723dc4.lock for /home/prjs/cm_comandos_lineares/equalizer-poky/build/workspace/sources/sqlite3/node_modules/.staging
52 silly executeActions Finishing
53 silly rollbackFailedOptional Starting
54 silly rollbackFailedOptional Finishing
55 silly install runPostinstallTopLevelLifecycles
56 silly build sqlite3@3.1.8
57 info linkStuff sqlite3@3.1.8
58 silly linkStuff sqlite3@3.1.8 has /home/prjs/cm_comandos_lineares/equalizer-poky/build/workspace/sources as its parent node_modules
59 verbose linkBins sqlite3@3.1.8
60 verbose linkMans sqlite3@3.1.8
61 silly install sqlite3@3.1.8 /home/prjs/cm_comandos_lineares/equalizer-poky/build/workspace/sources/sqlite3/sqlite3-b649de8e
62 info lifecycle sqlite3@3.1.8~install: sqlite3@3.1.8
63 verbose lifecycle sqlite3@3.1.8~install: unsafe-perm in lifecycle true
64 verbose lifecycle sqlite3@3.1.8~install: PATH: /home/prjs/cm_comandos_lineares/equalizer-poky/build/tmp/sysroots/x86_64-linux/usr/lib/node_modules/npm/bin/node-gyp-bin:/home/prjs/cm_comandos_lineares/equalizer-poky/build/workspace/sources/sqlite3/node_modules/.bin:/home/prjs/cm_comandos_lineares/equalizer-poky/sources/poky/scripts:/home/prjs/cm_comandos_lineares/equalizer-poky/build/tmp/sysroots/x86_64-linux/usr/bin/arm-poky-linux-gnueabi:/home/prjs/cm_comandos_lineares/equalizer-poky/build/tmp/sysroots/imx6ulevk/usr/bin/crossscripts:/home/prjs/cm_comandos_lineares/equalizer-poky/build/tmp/sysroots/x86_64-linux/usr/sbin:/home/prjs/cm_comandos_lineares/equalizer-poky/build/tmp/sysroots/x86_64-linux/usr/bin:/home/prjs/cm_comandos_lineares/equalizer-poky/build/tmp/sysroots/x86_64-linux/sbin:/home/prjs/cm_comandos_lineares/equalizer-poky/build/tmp/sysroots/x86_64-linux/bin:/home/prjs/cm_comandos_lineares/equalizer-poky/sources/poky/scripts:/home/prjs/cm_comandos_lineares/equalizer-poky/sources/poky/bitbake/bin:/home/mmergulhao/bin:/home/mmergulhao/.local/bin:/home/mmergulhao/bin:/home/mmergulhao/Tools/eclipse/:/home/mmergulhao/Tools/xmind/XMind_amd64:/home/mmergulhao/bin:/home/mmergulhao/Tools/eclipse/:/home/mmergulhao/Tools/xmind/XMind_amd64:/home/mmergulhao/bin:/home/mmergulhao/.local/bin:/usr/local/sbin:/usr/local/bin:/usr/sbin:/usr/bin:/sbin:/bin:/usr/games:/usr/local/games:/snap/bin:/usr/lib/jvm/java-8-oracle/bin:/usr/lib/jvm/java-8-oracle/db/bin:/usr/lib/jvm/java-8-oracle/jre/bin:/snap/bin:/usr/lib/jvm/java-8-oracle/bin:/usr/lib/jvm/java-8-oracle/db/bin:/usr/lib/jvm/java-8-oracle/jre/bin
65 verbose lifecycle sqlite3@3.1.8~install: CWD: /home/prjs/cm_comandos_lineares/equalizer-poky/build/workspace/sources/sqlite3
66 silly lifecycle sqlite3@3.1.8~install: Args: [ '-c', 'node-pre-gyp install --fallback-to-build' ]
67 info lifecycle sqlite3@3.1.8~install: Failed to exec install script
68 verbose stack Error: sqlite3@3.1.8 install: `node-pre-gyp install --fallback-to-build`
68 verbose stack spawn ENOENT
68 verbose stack     at ChildProcess.<anonymous> (/home/prjs/cm_comandos_lineares/equalizer-poky/build/tmp/sysroots/x86_64-linux/usr/lib/node_modules/npm/lib/utils/spawn.js:33:16)
68 verbose stack     at emitTwo (events.js:106:13)
68 verbose stack     at ChildProcess.emit (events.js:191:7)
68 verbose stack     at maybeClose (internal/child_process.js:877:16)
68 verbose stack     at Process.ChildProcess._handle.onexit (internal/child_process.js:226:5)
69 verbose pkgid sqlite3@3.1.8
70 verbose cwd /home/prjs/cm_comandos_lineares/equalizer-poky/build/workspace/sources/sqlite3
71 error Linux 4.4.0-71-generic
72 error argv "/home/prjs/cm_comandos_lineares/equalizer-poky/build/tmp/sysroots/x86_64-linux/usr/bin/node" "/home/prjs/cm_comandos_lineares/equalizer-poky/build/tmp/sysroots/x86_64-linux/usr/bin/npm" "--arch=arm" "--production" "--no-registry" "install"
73 error node v6.10.0
74 error npm  v3.10.10
75 error file sh
76 error code ELIFECYCLE
77 error errno ENOENT
78 error syscall spawn
79 error sqlite3@3.1.8 install: `node-pre-gyp install --fallback-to-build`
79 error spawn ENOENT
80 error Failed at the sqlite3@3.1.8 install script 'node-pre-gyp install --fallback-to-build'.
80 error Make sure you have the latest version of node.js and npm installed.
80 error If you do, this is most likely a problem with the sqlite3 package,
80 error not with npm itself.
80 error Tell the author that this fails on your system:
80 error     node-pre-gyp install --fallback-to-build
80 error You can get information on how to open an issue for this project with:
80 error     npm bugs sqlite3
80 error Or if that isn't available, you can get their info via:
80 error     npm owner ls sqlite3
80 error There is likely additional logging output above.
81 verbose exit [ 1, true ]
